<?xml version="1.0" encoding="UTF-8"?>
<!-- Generated by org.testng.reporters.JUnitXMLReporter -->
<testsuite ignored="0" hostname="Madavarajs-MacBook-Air.local" failures="0" tests="5" name="HomeLoan" time="0.139" errors="0" timestamp="2024-09-25T15:18:56 AWST">
  <testcase classname="test.Basics" name="CarLoan" time="0.021"/>
  <testcase classname="test.Basics" name="Demo" time="0.002"/>
  <testcase classname="test.Basics" name="HomeLoan" time="0.002"/>
  <testcase classname="test.Basics" name="HomeLoanLogin" time="0.003"/>
  <testcase classname="test.Test1" name="testrun" time="0.002"/>
</testsuite> <!-- HomeLoan -->
