<?xml version="1.0" encoding="UTF-8"?>
<!-- Generated by org.testng.reporters.JUnitXMLReporter -->
<testsuite ignored="2" hostname="Madavarajs-MacBook-Air.local" failures="0" tests="2" name="smoke test" time="0.097" errors="0" timestamp="2025-04-03T10:05:46 AWST">
  <testcase classname="test.Basics" name="CarLoan" time="0.013"/>
  <testcase classname="test.Basics" name="HomeLoan" time="0.006"/>
  <testcase classname="test.Basics" name="HomeLoanLogin" time="0.0">
    <ignored/>
  </testcase> <!-- HomeLoanLogin -->
  <testcase classname="test.Basics" name="Demo" time="0.0">
    <ignored/>
  </testcase> <!-- Demo -->
</testsuite> <!-- smoke test -->
