<?xml version="1.0" encoding="UTF-8"?>
<!-- Generated by org.testng.reporters.JUnitXMLReporter -->
<testsuite ignored="0" hostname="192-168-1-8.tpgi.com.au" failures="0" tests="4" name="Default test" time="0.122" errors="0" timestamp="2025-03-05T18:35:45 AWST">
  <testcase classname="test.Basics" name="CarLoan" time="0.022"/>
  <testcase classname="test.Basics" name="Demo" time="0.003"/>
  <testcase classname="test.Basics" name="HomeLoan" time="0.002"/>
  <testcase classname="test.Basics" name="HomeLoanLogin" time="0.002"/>
</testsuite> <!-- Default test -->
