<?xml version="1.0" encoding="UTF-8"?>
<!-- Generated by org.testng.reporters.JUnitXMLReporter -->
<testsuite ignored="0" hostname="Madavarajs-MacBook-Air.local" failures="0" tests="4" name="Default test" time="0.148" errors="0" timestamp="2025-04-03T10:04:59 AWST">
  <testcase classname="test.Basics" name="CarLoan" time="0.024"/>
  <testcase classname="test.Basics" name="Demo" time="0.004"/>
  <testcase classname="test.Basics" name="HomeLoan" time="0.002"/>
  <testcase classname="test.Basics" name="HomeLoanLogin" time="0.002"/>
</testsuite> <!-- Default test -->
