<?xml version="1.0" encoding="UTF-8"?>
<testng-results ignored="2" total="4" passed="2" failed="0" skipped="0">
  <reporter-output>
  </reporter-output>
  <suite started-at="2025-04-03T10:05:46 AWST" name="Loan" finished-at="2025-04-03T10:05:46 AWST" duration-ms="97">
    <groups>
      <group name="smoke">
        <method signature="Basics.CarLoan()[pri:0, instance:test.Basics@69b2283a]" name="CarLoan" class="test.Basics"/>
        <method signature="Basics.HomeLoan()[pri:0, instance:test.Basics@69b2283a]" name="HomeLoan" class="test.Basics"/>
      </group> <!-- smoke -->
    </groups>
    <test started-at="2025-04-03T10:05:46 AWST" name="smoke test" finished-at="2025-04-03T10:05:46 AWST" duration-ms="97">
      <class name="test.Basics">
        <test-method signature="CarLoan()[pri:0, instance:test.Basics@69b2283a]" started-at="2025-04-03T10:05:46 AWST" name="CarLoan" finished-at="2025-04-03T10:05:46 AWST" duration-ms="13" status="PASS">
          <reporter-output>
          </reporter-output>
        </test-method> <!-- CarLoan -->
        <test-method signature="HomeLoan()[pri:0, instance:test.Basics@69b2283a]" started-at="2025-04-03T10:05:46 AWST" name="HomeLoan" finished-at="2025-04-03T10:05:46 AWST" duration-ms="6" status="PASS">
          <reporter-output>
          </reporter-output>
        </test-method> <!-- HomeLoan -->
      </class> <!-- test.Basics -->
    </test> <!-- smoke test -->
  </suite> <!-- Loan -->
</testng-results>
