<?xml version="1.0" encoding="UTF-8"?>
<testng-results ignored="0" total="4" passed="4" failed="0" skipped="0">
  <reporter-output>
  </reporter-output>
  <suite started-at="2025-03-05T18:35:45 AWST" name="Default suite" finished-at="2025-03-05T18:35:45 AWST" duration-ms="122">
    <groups>
      <group name="smoke">
        <method signature="Basics.CarLoan()[pri:0, instance:test.Basics@b62fe6d]" name="CarLoan" class="test.Basics"/>
        <method signature="Basics.HomeLoan()[pri:0, instance:test.Basics@b62fe6d]" name="HomeLoan" class="test.Basics"/>
      </group> <!-- smoke -->
    </groups>
    <test started-at="2025-03-05T18:35:45 AWST" name="Default test" finished-at="2025-03-05T18:35:45 AWST" duration-ms="122">
      <class name="test.Basics">
        <test-method signature="CarLoan()[pri:0, instance:test.Basics@b62fe6d]" started-at="2025-03-05T18:35:45 AWST" name="CarLoan" finished-at="2025-03-05T18:35:45 AWST" duration-ms="22" status="PASS">
          <reporter-output>
          </reporter-output>
        </test-method> <!-- CarLoan -->
        <test-method signature="Demo()[pri:0, instance:test.Basics@b62fe6d]" started-at="2025-03-05T18:35:45 AWST" name="Demo" finished-at="2025-03-05T18:35:45 AWST" duration-ms="3" status="PASS">
          <reporter-output>
          </reporter-output>
        </test-method> <!-- Demo -->
        <test-method signature="HomeLoan()[pri:0, instance:test.Basics@b62fe6d]" started-at="2025-03-05T18:35:45 AWST" name="HomeLoan" finished-at="2025-03-05T18:35:45 AWST" duration-ms="2" status="PASS">
          <reporter-output>
          </reporter-output>
        </test-method> <!-- HomeLoan -->
        <test-method signature="HomeLoanLogin()[pri:0, instance:test.Basics@b62fe6d]" started-at="2025-03-05T18:35:45 AWST" name="HomeLoanLogin" finished-at="2025-03-05T18:35:45 AWST" duration-ms="2" status="PASS">
          <reporter-output>
          </reporter-output>
        </test-method> <!-- HomeLoanLogin -->
      </class> <!-- test.Basics -->
    </test> <!-- Default test -->
  </suite> <!-- Default suite -->
</testng-results>
